0 info it worked if it ends with ok
1 verbose cli [ 'C:\\Program Files (x86)\\nodejs\\node.exe',
1 verbose cli   'C:\\Users\\u402046\\AppData\\Roaming\\npm\\node_modules\\npm\\bin\\npm-cli.js',
1 verbose cli   'publish' ]
2 info using npm@3.3.12
3 info using node@v5.0.0
4 verbose publish [ '.' ]
5 silly cache add args [ '.', null ]
6 verbose cache add spec .
7 silly cache add parsed spec Result {
7 silly cache add   raw: '.',
7 silly cache add   scope: null,
7 silly cache add   name: null,
7 silly cache add   rawSpec: '.',
7 silly cache add   spec: 'E:\\git\\phonegap-sharedimage',
7 silly cache add   type: 'directory' }
8 verbose addLocalDirectory C:\Users\u402046\AppData\Roaming\npm-cache\phonegap-sharedimage\1.0.2\package.tgz not in flight; packing
9 info lifecycle phonegap-sharedimage@1.0.2~prepublish: phonegap-sharedimage@1.0.2
10 silly lifecycle phonegap-sharedimage@1.0.2~prepublish: no script for prepublish, continuing
11 verbose tar pack [ 'C:\\Users\\u402046\\AppData\\Roaming\\npm-cache\\phonegap-sharedimage\\1.0.2\\package.tgz',
11 verbose tar pack   'E:\\git\\phonegap-sharedimage' ]
12 verbose tarball C:\Users\u402046\AppData\Roaming\npm-cache\phonegap-sharedimage\1.0.2\package.tgz
13 verbose folder E:\git\phonegap-sharedimage
14 verbose addLocalTarball adding from inside cache C:\Users\u402046\AppData\Roaming\npm-cache\phonegap-sharedimage\1.0.2\package.tgz
15 silly cache afterAdd phonegap-sharedimage@1.0.2
16 verbose afterAdd C:\Users\u402046\AppData\Roaming\npm-cache\phonegap-sharedimage\1.0.2\package\package.json not in flight; writing
17 verbose afterAdd C:\Users\u402046\AppData\Roaming\npm-cache\phonegap-sharedimage\1.0.2\package\package.json written
18 silly publish { name: 'phonegap-sharedimage',
18 silly publish   version: '1.0.2',
18 silly publish   description: 'This plugin will allow your app to receive shared image intents easily in android cordova apps.',
18 silly publish   cordova: { id: 'phonegap-sharedimage', platforms: [ 'android' ] },
18 silly publish   repository:
18 silly publish    { type: 'git',
18 silly publish      url: 'git+https://github.com/ntheile/phonegap-sharedimage.git' },
18 silly publish   keywords: [ 'cordova', 'ecosystem:cordova', 'cordova-android' ],
18 silly publish   engines: [ { name: 'cordova', version: '>=3.0.0' } ],
18 silly publish   author: { name: 'nicktie' },
18 silly publish   license: 'MIT',
18 silly publish   readme: '# PhoneGap Shared Image Plugin\r\nBy Leonard Lin\r\n\r\nThis plugin will allow your app to receive shared image intents easily.\r\n\r\n## Requirements\r\nThis plugin has been tested to work w/ [PhoneGap](http://phonegap.com/download) 2.1.0\r\n\r\n## Installing the Plugin\r\n\r\nCopy `src` and `assets` into your project folders. This is the plugin.\r\n\r\nUpdate `<plugins>` in your `res/xml/config.xml`:\r\n\r\n    <plugin name="SharedImage" value="com.lensley.phonegap.SharedImage" />\r\n\r\n\r\n## Usage\r\n\r\nFirst you\'ll need to install the appropriate Intent in your `AndroidManifest.xml`:\r\n\r\n    <intent-filter>\r\n      <action android:name="android.intent.action.SEND" />\r\n      <data android:mimeType="image/*" />\r\n      <category android:name="android.intent.category.DEFAULT" />\r\n    </intent-filter>\r\n\r\n\r\nThen in your PhoneGap app, add a Handler (put this in your `deviceready` callback):\r\n\r\n    sharedimage.shared(function(e) {\r\n      // the media uri - e.img is the only attribute\r\n      console.log("IMAGE: " + e.img);\r\n\r\n      // actual file name\r\n      window.resolveLocalFileSystemURI(e.img, function(imgfile) {\r\n        console.log("FILENAME: " + imgfile.name);\r\n      });\r\n    }\r\n\r\nThat\'s about it.\r\n\r\n## Mentions\r\n\r\nThe skeleton of the code was pulled from [phonegap-nfc](https://github.com/chariotsolutions/phonegap-nfc). I wrote this because [WebIntent](https://github.com/phonegap/phonegap-plugins/tree/master/Android/WebIntent) was bugging out in conjunction with phonegap-nfc. \r\n\r\n## License\r\nThe MIT License\r\n\r\nCopyright (c) 2012 Leonard Lin\r\n\r\nPermission is hereby granted, free of charge, to any person obtaining a copy\r\nof this software and associated documentation files (the "Software"), to deal\r\nin the Software without restriction, including without limitation the rights\r\nto use, copy, modify, merge, publish, distribute, sublicense, and/or sell\r\ncopies of the Software, and to permit persons to whom the Software is\r\nfurnished to do so, subject to the following conditions:\r\n\r\nThe above copyright notice and this permission notice shall be included in\r\nall copies or substantial portions of the Software.\r\n\r\nTHE SOFTWARE IS PROVIDED "AS IS", WITHOUT WARRANTY OF ANY KIND, EXPRESS OR\r\nIMPLIED, INCLUDING BUT NOT LIMITED TO THE WARRANTIES OF MERCHANTABILITY,\r\nFITNESS FOR A PARTICULAR PURPOSE AND NONINFRINGEMENT. IN NO EVENT SHALL THE\r\nAUTHORS OR COPYRIGHT HOLDERS BE LIABLE FOR ANY CLAIM, DAMAGES OR OTHER\r\nLIABILITY, WHETHER IN AN ACTION OF CONTRACT, TORT OR OTHERWISE, ARISING FROM,\r\nOUT OF OR IN CONNECTION WITH THE SOFTWARE OR THE USE OR OTHER DEALINGS IN\r\nTHE SOFTWARE.',
18 silly publish   readmeFilename: 'README.md',
18 silly publish   gitHead: 'd72fb64ce6fde9029b2d1c3bcff4537fba2b66d6',
18 silly publish   bugs: { url: 'https://github.com/ntheile/phonegap-sharedimage/issues' },
18 silly publish   homepage: 'https://github.com/ntheile/phonegap-sharedimage#readme',
18 silly publish   _id: 'phonegap-sharedimage@1.0.2',
18 silly publish   scripts: {},
18 silly publish   _shasum: '57c5ac415251f3a7a4ce4d608a6628ad23d8bb7c',
18 silly publish   _from: '.' }
19 verbose getPublishConfig undefined
20 silly mapToRegistry name phonegap-sharedimage
21 silly mapToRegistry using default registry
22 silly mapToRegistry registry https://registry.npmjs.org/
23 silly mapToRegistry uri https://registry.npmjs.org/phonegap-sharedimage
24 verbose publish registryBase https://registry.npmjs.org/
25 silly publish uploading C:\Users\u402046\AppData\Roaming\npm-cache\phonegap-sharedimage\1.0.2\package.tgz
26 verbose request uri https://registry.npmjs.org/phonegap-sharedimage
27 verbose request sending authorization for write operation
28 info attempt registry request try #1 at 11:24:43 PM
29 verbose request using bearer token for auth
30 verbose request id cd1bbf4f7a8d6709
31 http request PUT https://registry.npmjs.org/phonegap-sharedimage
32 http 403 https://registry.npmjs.org/phonegap-sharedimage
33 verbose headers { 'content-type': 'application/json',
33 verbose headers   'cache-control': 'max-age=60',
33 verbose headers   'content-length': '95',
33 verbose headers   'accept-ranges': 'bytes',
33 verbose headers   date: 'Wed, 11 Nov 2015 05:24:45 GMT',
33 verbose headers   via: '1.1 varnish',
33 verbose headers   connection: 'keep-alive',
33 verbose headers   'x-served-by': 'cache-ord1720-ORD',
33 verbose headers   'x-cache': 'MISS',
33 verbose headers   'x-cache-hits': '0',
33 verbose headers   'x-timer': 'S1447219485.001344,VS0,VE717' }
34 verbose request invalidating C:\Users\u402046\AppData\Roaming\npm-cache\registry.npmjs.org\phonegap-sharedimage on PUT
35 error publish Failed PUT 403
36 verbose stack Error: "You cannot publish over the previously published version 1.0.2." : phonegap-sharedimage
36 verbose stack     at makeError (C:\Users\u402046\AppData\Roaming\npm\node_modules\npm\node_modules\npm-registry-client\lib\request.js:264:12)
36 verbose stack     at CachingRegistryClient.<anonymous> (C:\Users\u402046\AppData\Roaming\npm\node_modules\npm\node_modules\npm-registry-client\lib\request.js:252:14)
36 verbose stack     at Request._callback (C:\Users\u402046\AppData\Roaming\npm\node_modules\npm\node_modules\npm-registry-client\lib\request.js:172:14)
36 verbose stack     at Request.self.callback (C:\Users\u402046\AppData\Roaming\npm\node_modules\npm\node_modules\request\request.js:198:22)
36 verbose stack     at emitTwo (events.js:87:13)
36 verbose stack     at Request.emit (events.js:172:7)
36 verbose stack     at Request.<anonymous> (C:\Users\u402046\AppData\Roaming\npm\node_modules\npm\node_modules\request\request.js:1082:10)
36 verbose stack     at emitOne (events.js:82:20)
36 verbose stack     at Request.emit (events.js:169:7)
36 verbose stack     at IncomingMessage.<anonymous> (C:\Users\u402046\AppData\Roaming\npm\node_modules\npm\node_modules\request\request.js:1009:12)
37 verbose statusCode 403
38 verbose pkgid phonegap-sharedimage
39 verbose cwd E:\git\phonegap-sharedimage
40 error Windows_NT 10.0.10240
41 error argv "C:\\Program Files (x86)\\nodejs\\node.exe" "C:\\Users\\u402046\\AppData\\Roaming\\npm\\node_modules\\npm\\bin\\npm-cli.js" "publish"
42 error node v5.0.0
43 error npm  v3.3.12
44 error code E403
45 error "You cannot publish over the previously published version 1.0.2." : phonegap-sharedimage
46 error If you need help, you may report this error at:
46 error     <https://github.com/npm/npm/issues>
47 verbose exit [ 1, true ]
